[Info] Found resource directory at (C:\Rcos\Gatality\Logic-Graph-Creator\build\Debug\resources)
[Info] Initializing SDL...
[Info] Initializing RmlUI...
[Info] Creating SDL window...
[Info] linking
[Info - GatalityParser] Parsing Gatality Circuit File (.cir)
[Info - GatalityParser] Inserted current file as a dependency: C:\Rcos\Gatality\Logic-Graph-Creator\CircuitLib\SimpleALU.cir
[Info - GatalityParser] File to access: C:\Rcos\Gatality\Logic-Graph-Creator\CircuitLib\EightBitAdder.cir
[Info - GatalityParser] Parsing Gatality Circuit File (.cir)
[Info - GatalityParser] Inserted current file as a dependency: C:\Rcos\Gatality\Logic-Graph-Creator\CircuitLib\EightBitAdder.cir
[Info - GatalityParser] 	Found primary circuit: EightBitAdder
[Info - GatalityParser] 	Set UUID: e58dcb50-e495-4348-991e-b035f973d1b8
[Info] Parsing CC 0
[Info] Unpausing simulation
[Info] all blocks can be placed
[Info - BlockContainer] Placed 3, at (9, 5)
[Info - BlockContainer] Placed 11, at (0, 0)
[Info - BlockContainer] Placed 3, at (9, 6)
[Info - BlockContainer] Placed 11, at (0, 1)
[Info - BlockContainer] Placed 3, at (9, 7)
[Info - BlockContainer] Placed 11, at (0, 2)
[Info - BlockContainer] Placed 3, at (9, 8)
[Info - BlockContainer] Placed 11, at (0, 3)
[Info - BlockContainer] Placed 11, at (0, 4)
[Info - BlockContainer] Placed 3, at (9, 9)
[Info - BlockContainer] Placed 11, at (0, 5)
[Info - BlockContainer] Placed 3, at (9, 10)
[Info - BlockContainer] Placed 11, at (0, 6)
[Info - BlockContainer] Placed 3, at (9, 11)
[Info - BlockContainer] Placed 11, at (0, 7)
[Info - BlockContainer] Placed 3, at (9, 12)
[Info - BlockContainer] Placed 11, at (0, 10)
[Info - BlockContainer] Placed 13, at (13, 13)
[Info - BlockContainer] Placed 11, at (0, 11)
[Info - BlockContainer] Placed 11, at (0, 12)
[Info - BlockContainer] Placed 11, at (0, 13)
[Info - BlockContainer] Placed 11, at (0, 14)
[Info - BlockContainer] Placed 11, at (0, 15)
[Info - BlockContainer] Placed 11, at (0, 16)
[Info - BlockContainer] Placed 11, at (0, 17)
[Info - BlockContainer] Placed 1, at (3, 5)
[Info - BlockContainer] Placed 1, at (3, 6)
[Info - BlockContainer] Placed 1, at (3, 7)
[Info - BlockContainer] Placed 1, at (3, 8)
[Info - BlockContainer] Placed 1, at (3, 9)
[Info - BlockContainer] Placed 1, at (3, 10)
[Info - BlockContainer] Placed 1, at (3, 11)
[Info - BlockContainer] Placed 1, at (3, 12)
[Info - BlockContainer] Placed 1, at (4, 6)
[Info - BlockContainer] Placed 1, at (4, 7)
[Info - BlockContainer] Placed 1, at (4, 8)
[Info - BlockContainer] Placed 1, at (4, 9)
[Info - BlockContainer] Placed 1, at (4, 10)
[Info - BlockContainer] Placed 1, at (4, 11)
[Info - BlockContainer] Placed 1, at (4, 12)
[Info - BlockContainer] Placed 1, at (5, 6)
[Info - BlockContainer] Placed 1, at (5, 7)
[Info - BlockContainer] Placed 1, at (5, 8)
[Info - BlockContainer] Placed 1, at (5, 9)
[Info - BlockContainer] Placed 1, at (5, 10)
[Info - BlockContainer] Placed 1, at (5, 11)
[Info - BlockContainer] Placed 1, at (5, 12)
[Info - BlockContainer] Placed 2, at (6, 5)
[Info - BlockContainer] Placed 2, at (6, 6)
[Info - BlockContainer] Placed 2, at (6, 7)
[Info - BlockContainer] Placed 2, at (6, 8)
[Info - BlockContainer] Placed 2, at (6, 9)
[Info - BlockContainer] Placed 2, at (6, 10)
[Info - BlockContainer] Placed 2, at (6, 11)
[Info - BlockContainer] Placed 2, at (6, 12)
[Info - BlockContainer] Placed 13, at (13, 5)
[Info - BlockContainer] Placed 13, at (13, 6)
[Info - BlockContainer] Placed 13, at (13, 7)
[Info - BlockContainer] Placed 13, at (13, 8)
[Info - BlockContainer] Placed 13, at (13, 9)
[Info - BlockContainer] Placed 13, at (13, 10)
[Info - BlockContainer] Placed 13, at (13, 11)
[Info - BlockContainer] Placed 13, at (13, 12)
[Info - GatalityParser] Loaded dependency circuit: EightBitAdder (e58dcb50-e495-4348-991e-b035f973d1b8)
[Info - GatalityParser] File to access: C:\Rcos\Gatality\Logic-Graph-Creator\CircuitLib\FourBitDecoder.cir
[Info - GatalityParser] Parsing Gatality Circuit File (.cir)
[Info - GatalityParser] Inserted current file as a dependency: C:\Rcos\Gatality\Logic-Graph-Creator\CircuitLib\FourBitDecoder.cir
[Info - GatalityParser] 	Found primary circuit: FourBitDecoder
[Info - GatalityParser] 	Set UUID: c5ea9727-1e28-4082-ba17-e2f44dffe631
[Info] Parsing CC 0
[Info] Unpausing simulation
[Info] all blocks can be placed
[Info - BlockContainer] Placed 4, at (1, 3)
[Info - BlockContainer] Placed 11, at (0, 0)
[Info - BlockContainer] Placed 11, at (0, 1)
[Info - BlockContainer] Placed 11, at (0, 2)
[Info - BlockContainer] Placed 11, at (0, 3)
[Info - BlockContainer] Placed 4, at (1, 0)
[Info - BlockContainer] Placed 4, at (1, 1)
[Info - BlockContainer] Placed 4, at (1, 2)
[Info - BlockContainer] Placed 1, at (4, 0)
[Info - BlockContainer] Placed 1, at (4, 1)
[Info - BlockContainer] Placed 1, at (4, 2)
[Info - BlockContainer] Placed 1, at (4, 3)
[Info - BlockContainer] Placed 1, at (4, 4)
[Info - BlockContainer] Placed 1, at (4, 5)
[Info - BlockContainer] Placed 1, at (4, 6)
[Info - BlockContainer] Placed 1, at (4, 7)
[Info - BlockContainer] Placed 1, at (4, 8)
[Info - BlockContainer] Placed 1, at (4, 9)
[Info - BlockContainer] Placed 1, at (4, 10)
[Info - BlockContainer] Placed 1, at (4, 11)
[Info - BlockContainer] Placed 1, at (4, 12)
[Info - BlockContainer] Placed 1, at (4, 13)
[Info - BlockContainer] Placed 1, at (4, 14)
[Info - BlockContainer] Placed 1, at (4, 15)
[Info - BlockContainer] Placed 13, at (6, 0)
[Info - BlockContainer] Placed 13, at (6, 1)
[Info - BlockContainer] Placed 13, at (6, 2)
[Info - BlockContainer] Placed 13, at (6, 6)
[Info - BlockContainer] Placed 13, at (6, 7)
[Info - BlockContainer] Placed 13, at (6, 9)
[Info - BlockContainer] Placed 13, at (6, 11)
[Info - BlockContainer] Placed 13, at (6, 10)
[Info - BlockContainer] Placed 13, at (6, 12)
[Info - BlockContainer] Placed 13, at (6, 13)
[Info - BlockContainer] Placed 13, at (6, 14)
[Info - BlockContainer] Placed 13, at (6, 15)
[Info - BlockContainer] Placed 13, at (6, 8)
[Info - BlockContainer] Placed 13, at (6, 5)
[Info - BlockContainer] Placed 13, at (6, 4)
[Info - BlockContainer] Placed 13, at (6, 3)
[Info - GatalityParser] Loaded dependency circuit: FourBitDecoder (c5ea9727-1e28-4082-ba17-e2f44dffe631)
[Info - GatalityParser] 	Found primary circuit: SimpleALU
[Info - GatalityParser] 	Set UUID: 42751bb6-bce4-4cba-b021-bfbed525735f
[Info] Unpausing simulation
[Info] all blocks can be placed
